<?xml version="1.0" encoding="UTF-8"?>
<coverage generated="1776277806521" clover="3.2.0">
  <project timestamp="1776277806521" name="All files">
    <metrics statements="25" coveredstatements="13" conditionals="38" coveredconditionals="11" methods="11" coveredmethods="2" elements="74" coveredelements="26" complexity="0" loc="25" ncloc="25" packages="2" files="2" classes="2"/>
    <package name="controllers">
      <metrics statements="11" coveredstatements="3" conditionals="37" coveredconditionals="10" methods="9" coveredmethods="1"/>
      <file name="index.js" path="/home/caio/Projetos/api-financeira/finance-app/src/controllers/index.js">
        <metrics statements="11" coveredstatements="3" conditionals="37" coveredconditionals="10" methods="9" coveredmethods="1"/>
        <line num="1" count="4" type="cond" truecount="2" falsecount="3"/>
        <line num="2" count="0" type="cond" truecount="1" falsecount="3"/>
        <line num="3" count="0" type="cond" truecount="1" falsecount="3"/>
        <line num="4" count="0" type="cond" truecount="1" falsecount="3"/>
        <line num="5" count="1" type="stmt"/>
        <line num="6" count="0" type="cond" truecount="1" falsecount="3"/>
        <line num="7" count="0" type="cond" truecount="1" falsecount="3"/>
        <line num="8" count="0" type="cond" truecount="1" falsecount="3"/>
        <line num="9" count="0" type="cond" truecount="1" falsecount="3"/>
        <line num="10" count="1" type="stmt"/>
        <line num="11" count="0" type="cond" truecount="1" falsecount="3"/>
      </file>
    </package>
    <package name="error">
      <metrics statements="14" coveredstatements="10" conditionals="1" coveredconditionals="1" methods="2" coveredmethods="1"/>
      <file name="user.js" path="/home/caio/Projetos/api-financeira/finance-app/src/error/user.js">
        <metrics statements="14" coveredstatements="10" conditionals="1" coveredconditionals="1" methods="2" coveredmethods="1"/>
        <line num="1" count="1" type="stmt"/>
        <line num="2" count="1" type="cond" truecount="1" falsecount="0"/>
        <line num="3" count="2" type="stmt"/>
        <line num="4" count="2" type="stmt"/>
        <line num="5" count="2" type="stmt"/>
        <line num="6" count="1" type="stmt"/>
        <line num="7" count="1" type="stmt"/>
        <line num="8" count="1" type="stmt"/>
        <line num="9" count="1" type="stmt"/>
        <line num="10" count="0" type="stmt"/>
        <line num="11" count="0" type="stmt"/>
        <line num="12" count="0" type="stmt"/>
        <line num="13" count="0" type="stmt"/>
        <line num="14" count="1" type="stmt"/>
      </file>
    </package>
  </project>
</coverage>
