{"/home/caio/Projetos/api-financeira/finance-app/src/controllers/index.js": {"path":"/home/caio/Projetos/api-financeira/finance-app/src/controllers/index.js","all":false,"statementMap":{"0":{"start":{"line":1,"column":0},"end":{"line":1,"column":37}},"1":{"start":{"line":2,"column":0},"end":{"line":2,"column":37}},"2":{"start":{"line":3,"column":0},"end":{"line":3,"column":40}},"3":{"start":{"line":4,"column":0},"end":{"line":4,"column":37}},"4":{"start":{"line":5,"column":0},"end":{"line":5,"column":0}},"5":{"start":{"line":6,"column":0},"end":{"line":6,"column":51}},"6":{"start":{"line":7,"column":0},"end":{"line":7,"column":59}},"7":{"start":{"line":8,"column":0},"end":{"line":8,"column":51}},"8":{"start":{"line":9,"column":0},"end":{"line":9,"column":51}},"9":{"start":{"line":10,"column":0},"end":{"line":10,"column":0}},"10":{"start":{"line":11,"column":0},"end":{"line":11,"column":42}}},"s":{"0":1,"1":0,"2":0,"3":0,"4":1,"5":0,"6":0,"7":0,"8":0,"9":1,"10":0},"branchMap":{"0":{"type":"branch","line":1,"loc":{"start":{"line":1,"column":0},"end":{"line":1,"column":37}},"locations":[{"start":{"line":1,"column":0},"end":{"line":1,"column":37}}]},"1":{"type":"branch","line":1,"loc":{"start":{"line":1,"column":0},"end":{"line":1,"column":37}},"locations":[{"start":{"line":1,"column":0},"end":{"line":1,"column":37}}]},"2":{"type":"branch","line":1,"loc":{"start":{"line":1,"column":0},"end":{"line":1,"column":37}},"locations":[{"start":{"line":1,"column":0},"end":{"line":1,"column":37}}]},"3":{"type":"branch","line":1,"loc":{"start":{"line":1,"column":0},"end":{"line":1,"column":37}},"locations":[{"start":{"line":1,"column":0},"end":{"line":1,"column":37}}]},"4":{"type":"branch","line":1,"loc":{"start":{"line":1,"column":0},"end":{"line":1,"column":37}},"locations":[{"start":{"line":1,"column":0},"end":{"line":1,"column":37}}]},"5":{"type":"branch","line":2,"loc":{"start":{"line":2,"column":0},"end":{"line":2,"column":37}},"locations":[{"start":{"line":2,"column":0},"end":{"line":2,"column":37}}]},"6":{"type":"branch","line":2,"loc":{"start":{"line":2,"column":0},"end":{"line":2,"column":37}},"locations":[{"start":{"line":2,"column":0},"end":{"line":2,"column":37}}]},"7":{"type":"branch","line":2,"loc":{"start":{"line":2,"column":0},"end":{"line":2,"column":37}},"locations":[{"start":{"line":2,"column":0},"end":{"line":2,"column":37}}]},"8":{"type":"branch","line":2,"loc":{"start":{"line":2,"column":0},"end":{"line":2,"column":37}},"locations":[{"start":{"line":2,"column":0},"end":{"line":2,"column":37}}]},"9":{"type":"branch","line":3,"loc":{"start":{"line":3,"column":0},"end":{"line":3,"column":40}},"locations":[{"start":{"line":3,"column":0},"end":{"line":3,"column":40}}]},"10":{"type":"branch","line":3,"loc":{"start":{"line":3,"column":0},"end":{"line":3,"column":40}},"locations":[{"start":{"line":3,"column":0},"end":{"line":3,"column":40}}]},"11":{"type":"branch","line":3,"loc":{"start":{"line":3,"column":0},"end":{"line":3,"column":40}},"locations":[{"start":{"line":3,"column":0},"end":{"line":3,"column":40}}]},"12":{"type":"branch","line":3,"loc":{"start":{"line":3,"column":0},"end":{"line":3,"column":40}},"locations":[{"start":{"line":3,"column":0},"end":{"line":3,"column":40}}]},"13":{"type":"branch","line":4,"loc":{"start":{"line":4,"column":0},"end":{"line":4,"column":37}},"locations":[{"start":{"line":4,"column":0},"end":{"line":4,"column":37}}]},"14":{"type":"branch","line":4,"loc":{"start":{"line":4,"column":0},"end":{"line":4,"column":37}},"locations":[{"start":{"line":4,"column":0},"end":{"line":4,"column":37}}]},"15":{"type":"branch","line":4,"loc":{"start":{"line":4,"column":0},"end":{"line":4,"column":37}},"locations":[{"start":{"line":4,"column":0},"end":{"line":4,"column":37}}]},"16":{"type":"branch","line":4,"loc":{"start":{"line":4,"column":0},"end":{"line":4,"column":37}},"locations":[{"start":{"line":4,"column":0},"end":{"line":4,"column":37}}]},"17":{"type":"branch","line":6,"loc":{"start":{"line":6,"column":0},"end":{"line":6,"column":51}},"locations":[{"start":{"line":6,"column":0},"end":{"line":6,"column":51}}]},"18":{"type":"branch","line":6,"loc":{"start":{"line":6,"column":0},"end":{"line":6,"column":51}},"locations":[{"start":{"line":6,"column":0},"end":{"line":6,"column":51}}]},"19":{"type":"branch","line":6,"loc":{"start":{"line":6,"column":0},"end":{"line":6,"column":51}},"locations":[{"start":{"line":6,"column":0},"end":{"line":6,"column":51}}]},"20":{"type":"branch","line":6,"loc":{"start":{"line":6,"column":0},"end":{"line":6,"column":51}},"locations":[{"start":{"line":6,"column":0},"end":{"line":6,"column":51}}]},"21":{"type":"branch","line":7,"loc":{"start":{"line":7,"column":0},"end":{"line":7,"column":59}},"locations":[{"start":{"line":7,"column":0},"end":{"line":7,"column":59}}]},"22":{"type":"branch","line":7,"loc":{"start":{"line":7,"column":0},"end":{"line":7,"column":59}},"locations":[{"start":{"line":7,"column":0},"end":{"line":7,"column":59}}]},"23":{"type":"branch","line":7,"loc":{"start":{"line":7,"column":0},"end":{"line":7,"column":59}},"locations":[{"start":{"line":7,"column":0},"end":{"line":7,"column":59}}]},"24":{"type":"branch","line":7,"loc":{"start":{"line":7,"column":0},"end":{"line":7,"column":59}},"locations":[{"start":{"line":7,"column":0},"end":{"line":7,"column":59}}]},"25":{"type":"branch","line":8,"loc":{"start":{"line":8,"column":0},"end":{"line":8,"column":51}},"locations":[{"start":{"line":8,"column":0},"end":{"line":8,"column":51}}]},"26":{"type":"branch","line":8,"loc":{"start":{"line":8,"column":0},"end":{"line":8,"column":51}},"locations":[{"start":{"line":8,"column":0},"end":{"line":8,"column":51}}]},"27":{"type":"branch","line":8,"loc":{"start":{"line":8,"column":0},"end":{"line":8,"column":51}},"locations":[{"start":{"line":8,"column":0},"end":{"line":8,"column":51}}]},"28":{"type":"branch","line":8,"loc":{"start":{"line":8,"column":0},"end":{"line":8,"column":51}},"locations":[{"start":{"line":8,"column":0},"end":{"line":8,"column":51}}]},"29":{"type":"branch","line":9,"loc":{"start":{"line":9,"column":0},"end":{"line":9,"column":51}},"locations":[{"start":{"line":9,"column":0},"end":{"line":9,"column":51}}]},"30":{"type":"branch","line":9,"loc":{"start":{"line":9,"column":0},"end":{"line":9,"column":51}},"locations":[{"start":{"line":9,"column":0},"end":{"line":9,"column":51}}]},"31":{"type":"branch","line":9,"loc":{"start":{"line":9,"column":0},"end":{"line":9,"column":51}},"locations":[{"start":{"line":9,"column":0},"end":{"line":9,"column":51}}]},"32":{"type":"branch","line":9,"loc":{"start":{"line":9,"column":0},"end":{"line":9,"column":51}},"locations":[{"start":{"line":9,"column":0},"end":{"line":9,"column":51}}]},"33":{"type":"branch","line":11,"loc":{"start":{"line":11,"column":0},"end":{"line":11,"column":42}},"locations":[{"start":{"line":11,"column":0},"end":{"line":11,"column":42}}]},"34":{"type":"branch","line":11,"loc":{"start":{"line":11,"column":0},"end":{"line":11,"column":42}},"locations":[{"start":{"line":11,"column":0},"end":{"line":11,"column":42}}]},"35":{"type":"branch","line":11,"loc":{"start":{"line":11,"column":0},"end":{"line":11,"column":42}},"locations":[{"start":{"line":11,"column":0},"end":{"line":11,"column":42}}]},"36":{"type":"branch","line":11,"loc":{"start":{"line":11,"column":0},"end":{"line":11,"column":42}},"locations":[{"start":{"line":11,"column":0},"end":{"line":11,"column":42}}]}},"b":{"0":[1],"1":[0],"2":[0],"3":[0],"4":[1],"5":[1],"6":[0],"7":[0],"8":[0],"9":[1],"10":[0],"11":[0],"12":[0],"13":[1],"14":[0],"15":[0],"16":[0],"17":[1],"18":[0],"19":[0],"20":[0],"21":[1],"22":[0],"23":[0],"24":[0],"25":[1],"26":[0],"27":[0],"28":[0],"29":[1],"30":[0],"31":[0],"32":[0],"33":[1],"34":[0],"35":[0],"36":[0]},"fnMap":{"0":{"name":"get","decl":{"start":{"line":1,"column":0},"end":{"line":1,"column":37}},"loc":{"start":{"line":1,"column":0},"end":{"line":1,"column":37}},"line":1},"1":{"name":"get","decl":{"start":{"line":2,"column":0},"end":{"line":2,"column":37}},"loc":{"start":{"line":2,"column":0},"end":{"line":2,"column":37}},"line":2},"2":{"name":"get","decl":{"start":{"line":3,"column":0},"end":{"line":3,"column":40}},"loc":{"start":{"line":3,"column":0},"end":{"line":3,"column":40}},"line":3},"3":{"name":"get","decl":{"start":{"line":4,"column":0},"end":{"line":4,"column":37}},"loc":{"start":{"line":4,"column":0},"end":{"line":4,"column":37}},"line":4},"4":{"name":"get","decl":{"start":{"line":6,"column":0},"end":{"line":6,"column":51}},"loc":{"start":{"line":6,"column":0},"end":{"line":6,"column":51}},"line":6},"5":{"name":"get","decl":{"start":{"line":7,"column":0},"end":{"line":7,"column":59}},"loc":{"start":{"line":7,"column":0},"end":{"line":7,"column":59}},"line":7},"6":{"name":"get","decl":{"start":{"line":8,"column":0},"end":{"line":8,"column":51}},"loc":{"start":{"line":8,"column":0},"end":{"line":8,"column":51}},"line":8},"7":{"name":"get","decl":{"start":{"line":9,"column":0},"end":{"line":9,"column":51}},"loc":{"start":{"line":9,"column":0},"end":{"line":9,"column":51}},"line":9},"8":{"name":"get","decl":{"start":{"line":11,"column":0},"end":{"line":11,"column":42}},"loc":{"start":{"line":11,"column":0},"end":{"line":11,"column":42}},"line":11}},"f":{"0":1,"1":0,"2":0,"3":0,"4":0,"5":0,"6":0,"7":0,"8":0}}
}
