TN:
SF:src/controllers/index.js
FN:1,get
FN:2,get
FN:3,get
FN:4,get
FN:6,get
FN:7,get
FN:8,get
FN:9,get
FN:11,get
FNF:9
FNH:1
FNDA:1,get
FNDA:0,get
FNDA:0,get
FNDA:0,get
FNDA:0,get
FNDA:0,get
FNDA:0,get
FNDA:0,get
FNDA:0,get
DA:1,1
DA:2,0
DA:3,0
DA:4,0
DA:5,1
DA:6,0
DA:7,0
DA:8,0
DA:9,0
DA:10,1
DA:11,0
LF:11
LH:3
BRDA:1,0,0,1
BRDA:1,1,0,0
BRDA:1,2,0,0
BRDA:1,3,0,0
BRDA:1,4,0,1
BRDA:2,5,0,1
BRDA:2,6,0,0
BRDA:2,7,0,0
BRDA:2,8,0,0
BRDA:3,9,0,1
BRDA:3,10,0,0
BRDA:3,11,0,0
BRDA:3,12,0,0
BRDA:4,13,0,1
BRDA:4,14,0,0
BRDA:4,15,0,0
BRDA:4,16,0,0
BRDA:6,17,0,1
BRDA:6,18,0,0
BRDA:6,19,0,0
BRDA:6,20,0,0
BRDA:7,21,0,1
BRDA:7,22,0,0
BRDA:7,23,0,0
BRDA:7,24,0,0
BRDA:8,25,0,1
BRDA:8,26,0,0
BRDA:8,27,0,0
BRDA:8,28,0,0
BRDA:9,29,0,1
BRDA:9,30,0,0
BRDA:9,31,0,0
BRDA:9,32,0,0
BRDA:11,33,0,1
BRDA:11,34,0,0
BRDA:11,35,0,0
BRDA:11,36,0,0
BRF:37
BRH:10
end_of_record
